2025-03-25 15:40:05,470 [INFO] Scanning for applications...
2025-03-25 15:40:05,471 [INFO] Found 8 unique applications.
2025-03-25 15:40:11,053 [INFO] Refreshing application list...
2025-03-25 15:40:11,054 [INFO] Scanning for applications...
2025-03-25 15:40:11,054 [INFO] Found 9 unique applications.
2025-03-25 15:41:05,281 [INFO] Scanning for applications...
2025-03-25 15:41:05,282 [INFO] Found 8 unique applications.
2025-03-25 15:42:16,422 [INFO] Refreshing application list...
2025-03-25 15:42:16,422 [INFO] Scanning for applications...
2025-03-25 15:42:16,423 [INFO] Found 10 unique applications.
2025-03-25 15:42:18,732 [INFO] Selected game: EscapeFromTarkov
2025-03-25 15:42:18,732 [INFO] Looking for window with process name: EscapeFromTarkov.exe
2025-03-25 15:42:18,732 [INFO] Scanning for applications...
2025-03-25 15:42:18,733 [INFO] Found 10 unique applications.
2025-03-25 15:42:18,733 [INFO] Found window handle 11602840 for process 'EscapeFromTarkov.exe'
2025-03-25 15:42:18,733 [INFO] Attempting to apply borderless mode to hwnd: 11602840
2025-03-25 15:42:18,754 [INFO] ✅ Style changes confirmed.
2025-03-25 15:42:18,804 [INFO] Window repositioned to X: 1280, Y: 0, Width: 2560, Height: 1440
2025-03-25 15:42:20,073 [INFO] Selected game: EscapeFromTarkov
2025-03-25 15:42:20,073 [INFO] Looking for window with process name: EscapeFromTarkov.exe
2025-03-25 15:42:20,073 [INFO] Scanning for applications...
2025-03-25 15:42:20,077 [INFO] Found 10 unique applications.
2025-03-25 15:42:20,077 [INFO] Found window handle 11602840 for process 'EscapeFromTarkov.exe'
2025-03-25 15:42:20,077 [INFO] Attempting to apply borderless mode to hwnd: 11602840
2025-03-25 15:42:20,625 [INFO] ✅ Style changes confirmed.
2025-03-25 15:42:20,673 [INFO] Window repositioned to X: 1280, Y: 0, Width: 2560, Height: 1440
2025-03-25 15:42:21,509 [INFO] Selected game: EscapeFromTarkov
2025-03-25 15:42:21,509 [INFO] Looking for window with process name: EscapeFromTarkov.exe
2025-03-25 15:42:21,509 [INFO] Scanning for applications...
2025-03-25 15:42:21,510 [INFO] Found 10 unique applications.
2025-03-25 15:42:21,510 [INFO] Found window handle 11602840 for process 'EscapeFromTarkov.exe'
2025-03-25 15:42:21,510 [INFO] Attempting to apply borderless mode to hwnd: 11602840
2025-03-25 15:42:21,535 [INFO] ✅ Style changes confirmed.
2025-03-25 15:42:21,594 [INFO] Window repositioned to X: 1280, Y: 0, Width: 2560, Height: 1440
2025-03-25 15:42:22,485 [INFO] Selected game: EscapeFromTarkov
2025-03-25 15:42:22,486 [INFO] Looking for window with process name: EscapeFromTarkov.exe
2025-03-25 15:42:22,486 [INFO] Scanning for applications...
2025-03-25 15:42:22,486 [INFO] Found 10 unique applications.
2025-03-25 15:42:22,487 [INFO] Found window handle 11602840 for process 'EscapeFromTarkov.exe'
2025-03-25 15:42:22,487 [INFO] Attempting to apply borderless mode to hwnd: 11602840
2025-03-25 15:42:23,079 [INFO] ✅ Style changes confirmed.
2025-03-25 15:42:23,119 [INFO] Window repositioned to X: 1280, Y: 0, Width: 2560, Height: 1440
2025-03-25 15:42:24,100 [INFO] Selected game: EscapeFromTarkov
2025-03-25 15:42:24,101 [INFO] Looking for window with process name: EscapeFromTarkov.exe
2025-03-25 15:42:24,101 [INFO] Scanning for applications...
2025-03-25 15:42:24,101 [INFO] Found 10 unique applications.
2025-03-25 15:42:24,101 [INFO] Found window handle 11602840 for process 'EscapeFromTarkov.exe'
2025-03-25 15:42:24,101 [INFO] Attempting to apply borderless mode to hwnd: 11602840
2025-03-25 15:42:25,481 [INFO] ✅ Style changes confirmed.
2025-03-25 15:42:25,520 [INFO] Window repositioned to X: 1280, Y: 0, Width: 2560, Height: 1440
2025-03-25 15:42:25,526 [INFO] Selected game: EscapeFromTarkov
2025-03-25 15:42:25,526 [INFO] Looking for window with process name: EscapeFromTarkov.exe
2025-03-25 15:42:25,526 [INFO] Scanning for applications...
2025-03-25 15:42:25,528 [INFO] Found 10 unique applications.
2025-03-25 15:42:25,528 [INFO] Found window handle 11602840 for process 'EscapeFromTarkov.exe'
2025-03-25 15:42:25,528 [INFO] Attempting to apply borderless mode to hwnd: 11602840
2025-03-25 15:42:25,570 [INFO] ✅ Style changes confirmed.
2025-03-25 15:42:25,621 [INFO] Window repositioned to X: 1280, Y: 0, Width: 2560, Height: 1440
2025-03-25 15:42:26,893 [INFO] Refreshing application list...
2025-03-25 15:42:26,894 [INFO] Scanning for applications...
2025-03-25 15:42:26,894 [INFO] Found 10 unique applications.
2025-03-25 15:42:27,698 [INFO] Selected game: EscapeFromTarkov
2025-03-25 15:42:27,698 [INFO] Looking for window with process name: EscapeFromTarkov.exe
2025-03-25 15:42:27,698 [INFO] Scanning for applications...
2025-03-25 15:42:27,699 [INFO] Found 10 unique applications.
2025-03-25 15:42:27,699 [INFO] Found window handle 11602840 for process 'EscapeFromTarkov.exe'
2025-03-25 15:42:27,699 [INFO] Attempting to apply borderless mode to hwnd: 11602840
2025-03-25 15:42:27,718 [INFO] ✅ Style changes confirmed.
2025-03-25 15:42:27,778 [INFO] Window repositioned to X: 1280, Y: 0, Width: 2560, Height: 1440
2025-03-25 15:42:29,494 [INFO] Selected game: EscapeFromTarkov
2025-03-25 15:42:29,495 [INFO] Looking for window with process name: EscapeFromTarkov.exe
2025-03-25 15:42:29,495 [INFO] Scanning for applications...
2025-03-25 15:42:29,496 [INFO] Found 10 unique applications.
2025-03-25 15:42:29,496 [INFO] Found window handle 11602840 for process 'EscapeFromTarkov.exe'
2025-03-25 15:42:29,496 [INFO] Attempting to apply borderless mode to hwnd: 11602840
2025-03-25 15:42:29,523 [INFO] ✅ Style changes confirmed.
2025-03-25 15:42:29,589 [INFO] Window repositioned to X: 1280, Y: 0, Width: 2560, Height: 1440
2025-03-25 15:42:30,474 [INFO] Refreshing application list...
2025-03-25 15:42:30,474 [INFO] Scanning for applications...
2025-03-25 15:42:30,475 [INFO] Found 10 unique applications.
2025-03-25 15:42:31,125 [INFO] Selected game: EscapeFromTarkov
2025-03-25 15:42:31,125 [INFO] Looking for window with process name: EscapeFromTarkov.exe
2025-03-25 15:42:31,125 [INFO] Scanning for applications...
2025-03-25 15:42:31,126 [INFO] Found 10 unique applications.
2025-03-25 15:42:31,126 [INFO] Found window handle 11602840 for process 'EscapeFromTarkov.exe'
2025-03-25 15:42:31,126 [INFO] Attempting to apply borderless mode to hwnd: 11602840
2025-03-25 15:42:31,152 [INFO] ✅ Style changes confirmed.
2025-03-25 15:42:31,210 [INFO] Window repositioned to X: 1280, Y: 0, Width: 2560, Height: 1440
2025-03-25 15:42:33,395 [INFO] Selected game: EscapeFromTarkov
2025-03-25 15:42:33,395 [INFO] Looking for window with process name: EscapeFromTarkov.exe
2025-03-25 15:42:33,395 [INFO] Scanning for applications...
2025-03-25 15:42:33,396 [INFO] Found 10 unique applications.
2025-03-25 15:42:33,396 [INFO] Found window handle 11602840 for process 'EscapeFromTarkov.exe'
2025-03-25 15:42:33,396 [INFO] Attempting to apply borderless mode to hwnd: 11602840
2025-03-25 15:42:33,425 [INFO] ✅ Style changes confirmed.
2025-03-25 15:42:33,487 [INFO] Window repositioned to X: 1280, Y: 0, Width: 2560, Height: 1440
2025-03-25 15:44:13,579 [INFO] Refreshing application list...
2025-03-25 15:44:13,579 [INFO] Scanning for applications...
2025-03-25 15:44:13,580 [INFO] Found 11 unique applications.
2025-03-25 15:44:15,292 [INFO] Refreshing application list...
2025-03-25 15:44:15,292 [INFO] Scanning for applications...
2025-03-25 15:44:15,293 [INFO] Found 11 unique applications.
2025-03-25 15:44:16,693 [INFO] Refreshing application list...
2025-03-25 15:44:16,694 [INFO] Scanning for applications...
2025-03-25 15:44:16,694 [INFO] Found 11 unique applications.
2025-03-25 15:44:18,532 [INFO] Selected game: Dark and Darker
2025-03-25 15:44:18,533 [INFO] Looking for window with process name: DungeonCrawler.exe
2025-03-25 15:44:18,533 [INFO] Scanning for applications...
2025-03-25 15:44:18,534 [INFO] Found 11 unique applications.
2025-03-25 15:44:18,534 [INFO] Found window handle 330708 for process 'DungeonCrawler.exe'
2025-03-25 15:44:18,534 [INFO] Attempting to apply borderless mode to hwnd: 330708
2025-03-25 15:44:18,562 [INFO] ✅ Style changes confirmed.
2025-03-25 15:44:18,594 [INFO] Window repositioned to X: 1280, Y: 0, Width: 2560, Height: 1440
2025-03-25 15:48:59,444 [INFO] Scanning for applications...
2025-03-25 15:48:59,445 [INFO] Found 9 unique applications.
2025-03-25 15:49:37,917 [INFO] Refreshing application list...
2025-03-25 15:49:37,917 [INFO] Scanning for applications...
2025-03-25 15:49:37,918 [INFO] Found 10 unique applications.
2025-03-25 15:49:42,323 [INFO] Selected game: EscapeFromTarkov
2025-03-25 15:49:42,323 [INFO] Looking for window with process name: EscapeFromTarkov.exe
2025-03-25 15:49:42,323 [INFO] Scanning for applications...
2025-03-25 15:49:42,324 [INFO] Found 10 unique applications.
2025-03-25 15:49:42,324 [INFO] Found window handle 396178 for process 'EscapeFromTarkov.exe'
2025-03-25 15:49:42,324 [INFO] Attempting to apply borderless mode to hwnd: 396178
2025-03-25 15:49:42,345 [INFO] ✅ Style changes confirmed.
2025-03-25 15:49:42,395 [INFO] Window repositioned to X: 1280, Y: 0, Width: 2560, Height: 1440
2025-03-25 16:18:17,615 [INFO] Scanning for applications...
2025-03-25 16:18:17,616 [INFO] Found 7 unique applications.
2025-03-25 16:19:59,271 [INFO] Scanning for applications...
2025-03-25 16:19:59,272 [INFO] Found 7 unique applications.
2025-03-25 16:20:26,230 [INFO] Scanning for applications...
2025-03-25 16:20:26,231 [INFO] Found 7 unique applications.
2025-03-25 16:20:31,026 [INFO] Refreshing application list...
2025-03-25 16:20:31,026 [INFO] Scanning for applications...
2025-03-25 16:20:31,027 [INFO] Found 8 unique applications.
2025-03-25 16:21:29,055 [INFO] Refreshing application list...
2025-03-25 16:21:29,055 [INFO] Scanning for applications...
2025-03-25 16:21:29,055 [INFO] Found 9 unique applications.
2025-03-25 16:21:32,909 [INFO] Refreshing application list...
2025-03-25 16:21:32,909 [INFO] Scanning for applications...
2025-03-25 16:21:32,910 [INFO] Found 9 unique applications.
2025-03-25 16:21:35,637 [INFO] Selected game: EscapeFromTarkov
2025-03-25 16:21:35,637 [INFO] Looking for window with process name: EscapeFromTarkov.exe
2025-03-25 16:21:35,637 [INFO] Scanning for applications...
2025-03-25 16:21:35,638 [INFO] Found 9 unique applications.
2025-03-25 16:21:35,638 [INFO] Found window handle 658260 for process 'EscapeFromTarkov.exe'
2025-03-25 16:21:35,638 [INFO] 🪟 Applying borderless mode to: EscapeFromTarkov [EscapeFromTarkov.exe] (PID: 13372)
2025-03-25 16:21:35,638 [INFO] 🖥️ Target Resolution: 2560x1440
2025-03-25 16:21:35,666 [INFO] ✅ Style changes confirmed.
2025-03-25 16:21:35,667 [INFO] 🔍 DPI Awareness Level: 0
2025-03-25 16:21:35,667 [ERROR] ❌ Failed to apply borderless mode.
Traceback (most recent call last):
  File "E:\Borderless\borderlessgui2.py", line 143, in make_borderless
    X_POS = (SCREEN_WIDTH - TARGET_WIDTH) // 2
                            ^^^^^^^^^^^^
NameError: name 'TARGET_WIDTH' is not defined. Did you mean: 'SCREEN_WIDTH'?
2025-03-25 16:21:49,719 [INFO] Selected game: EscapeFromTarkov
2025-03-25 16:21:49,720 [INFO] Looking for window with process name: EscapeFromTarkov.exe
2025-03-25 16:21:49,720 [INFO] Scanning for applications...
2025-03-25 16:21:49,720 [INFO] Found 9 unique applications.
2025-03-25 16:21:49,720 [INFO] Found window handle 658260 for process 'EscapeFromTarkov.exe'
2025-03-25 16:21:49,720 [INFO] 🪟 Applying borderless mode to: EscapeFromTarkov [EscapeFromTarkov.exe] (PID: 13372)
2025-03-25 16:21:49,720 [INFO] 🖥️ Target Resolution: 2560x1440
2025-03-25 16:21:51,211 [INFO] ✅ Style changes confirmed.
2025-03-25 16:21:51,211 [INFO] 🔍 DPI Awareness Level: 0
2025-03-25 16:21:51,211 [ERROR] ❌ Failed to apply borderless mode.
Traceback (most recent call last):
  File "E:\Borderless\borderlessgui2.py", line 143, in make_borderless
    X_POS = (SCREEN_WIDTH - TARGET_WIDTH) // 2
                            ^^^^^^^^^^^^
NameError: name 'TARGET_WIDTH' is not defined. Did you mean: 'SCREEN_WIDTH'?
2025-03-25 16:24:13,337 [INFO] Scanning for applications...
2025-03-25 16:24:13,338 [INFO] Found 8 unique applications.
2025-03-25 16:24:16,382 [INFO] Refreshing application list...
2025-03-25 16:24:16,383 [INFO] Scanning for applications...
2025-03-25 16:24:16,383 [INFO] Found 9 unique applications.
2025-03-25 16:24:19,971 [INFO] Selected game: EscapeFromTarkov
2025-03-25 16:24:19,971 [INFO] Looking for window with process name: EscapeFromTarkov.exe
2025-03-25 16:24:19,972 [INFO] Scanning for applications...
2025-03-25 16:24:19,972 [INFO] Found 9 unique applications.
2025-03-25 16:24:19,972 [INFO] Found window handle 658260 for process 'EscapeFromTarkov.exe'
2025-03-25 16:24:19,973 [INFO] 🪟 Applying borderless mode to: EscapeFromTarkov [EscapeFromTarkov.exe] (PID: 13372)
2025-03-25 16:24:19,973 [INFO] 🖥️ Target Resolution: 2560x1440
2025-03-25 16:24:20,008 [INFO] ✅ Style changes confirmed.
2025-03-25 16:24:20,008 [INFO] 🔍 DPI Awareness Level: 0
2025-03-25 16:24:20,067 [INFO] 📐 Applied Window Size: 2560x1440 at (1280, 0)
2025-03-25 16:24:20,068 [INFO] ✅ Window size confirmed.
2025-03-25 16:24:25,014 [INFO] Selected game: EscapeFromTarkov
2025-03-25 16:24:25,014 [INFO] Looking for window with process name: EscapeFromTarkov.exe
2025-03-25 16:24:25,014 [INFO] Scanning for applications...
2025-03-25 16:24:25,014 [INFO] Found 9 unique applications.
2025-03-25 16:24:25,015 [INFO] Found window handle 658260 for process 'EscapeFromTarkov.exe'
2025-03-25 16:24:25,015 [INFO] 🪟 Applying borderless mode to: EscapeFromTarkov [EscapeFromTarkov.exe] (PID: 13372)
2025-03-25 16:24:25,015 [INFO] 🖥️ Target Resolution: 2560x1440
2025-03-25 16:24:25,042 [INFO] ✅ Style changes confirmed.
2025-03-25 16:24:25,042 [INFO] 🔍 DPI Awareness Level: 0
2025-03-25 16:24:25,109 [INFO] 📐 Applied Window Size: 2560x1440 at (1280, 0)
2025-03-25 16:24:25,109 [INFO] ✅ Window size confirmed.
2025-03-25 16:24:33,849 [INFO] Selected game: EscapeFromTarkov
2025-03-25 16:24:33,849 [INFO] Looking for window with process name: EscapeFromTarkov.exe
2025-03-25 16:24:33,849 [INFO] Scanning for applications...
2025-03-25 16:24:33,850 [INFO] Found 9 unique applications.
2025-03-25 16:24:33,850 [INFO] Found window handle 658260 for process 'EscapeFromTarkov.exe'
2025-03-25 16:24:33,850 [INFO] 🪟 Applying borderless mode to: EscapeFromTarkov [EscapeFromTarkov.exe] (PID: 13372)
2025-03-25 16:24:33,850 [INFO] 🖥️ Target Resolution: 1920x1080
2025-03-25 16:24:33,901 [INFO] ✅ Style changes confirmed.
2025-03-25 16:24:33,901 [INFO] 🔍 DPI Awareness Level: 0
2025-03-25 16:24:33,952 [INFO] 📐 Applied Window Size: 5120x1440 at (0, 0)
2025-03-25 16:24:33,952 [WARNING] ⚠️ Window size mismatch! Actual size does not match target.
2025-03-25 16:24:45,635 [INFO] Selected game: EscapeFromTarkov
2025-03-25 16:24:45,636 [INFO] Looking for window with process name: EscapeFromTarkov.exe
2025-03-25 16:24:45,636 [INFO] Scanning for applications...
2025-03-25 16:24:45,637 [INFO] Found 9 unique applications.
2025-03-25 16:24:45,637 [INFO] Found window handle 658260 for process 'EscapeFromTarkov.exe'
2025-03-25 16:24:45,637 [INFO] 🪟 Applying borderless mode to: EscapeFromTarkov [EscapeFromTarkov.exe] (PID: 13372)
2025-03-25 16:24:45,637 [INFO] 🖥️ Target Resolution: 1920x1080
2025-03-25 16:24:45,661 [INFO] ✅ Style changes confirmed.
2025-03-25 16:24:45,662 [INFO] 🔍 DPI Awareness Level: 0
2025-03-25 16:24:45,711 [INFO] 📐 Applied Window Size: 1920x1080 at (1600, 0)
2025-03-25 16:24:45,712 [INFO] ✅ Window size confirmed.
2025-03-25 16:24:49,899 [INFO] Selected game: EscapeFromTarkov
2025-03-25 16:24:49,899 [INFO] Looking for window with process name: EscapeFromTarkov.exe
2025-03-25 16:24:49,899 [INFO] Scanning for applications...
2025-03-25 16:24:49,899 [INFO] Found 9 unique applications.
2025-03-25 16:24:49,900 [INFO] Found window handle 658260 for process 'EscapeFromTarkov.exe'
2025-03-25 16:24:49,900 [INFO] 🪟 Applying borderless mode to: EscapeFromTarkov [EscapeFromTarkov.exe] (PID: 13372)
2025-03-25 16:24:49,900 [INFO] 🖥️ Target Resolution: 1920x1080
2025-03-25 16:24:49,937 [INFO] ✅ Style changes confirmed.
2025-03-25 16:24:49,937 [INFO] 🔍 DPI Awareness Level: 0
2025-03-25 16:24:49,987 [INFO] 📐 Applied Window Size: 1920x1080 at (1600, 0)
2025-03-25 16:24:49,987 [INFO] ✅ Window size confirmed.
2025-03-25 16:24:50,749 [INFO] Selected game: EscapeFromTarkov
2025-03-25 16:24:50,749 [INFO] Looking for window with process name: EscapeFromTarkov.exe
2025-03-25 16:24:50,749 [INFO] Scanning for applications...
2025-03-25 16:24:50,749 [INFO] Found 9 unique applications.
2025-03-25 16:24:50,750 [INFO] Found window handle 658260 for process 'EscapeFromTarkov.exe'
2025-03-25 16:24:50,750 [INFO] 🪟 Applying borderless mode to: EscapeFromTarkov [EscapeFromTarkov.exe] (PID: 13372)
2025-03-25 16:24:50,750 [INFO] 🖥️ Target Resolution: 1920x1080
2025-03-25 16:24:50,778 [INFO] ✅ Style changes confirmed.
2025-03-25 16:24:50,778 [INFO] 🔍 DPI Awareness Level: 0
2025-03-25 16:24:50,829 [INFO] 📐 Applied Window Size: 1920x1080 at (1600, 0)
2025-03-25 16:24:50,829 [INFO] ✅ Window size confirmed.
2025-03-25 16:24:51,243 [INFO] Selected game: EscapeFromTarkov
2025-03-25 16:24:51,244 [INFO] Looking for window with process name: EscapeFromTarkov.exe
2025-03-25 16:24:51,244 [INFO] Scanning for applications...
2025-03-25 16:24:51,245 [INFO] Found 9 unique applications.
2025-03-25 16:24:51,245 [INFO] Found window handle 658260 for process 'EscapeFromTarkov.exe'
2025-03-25 16:24:51,245 [INFO] 🪟 Applying borderless mode to: EscapeFromTarkov [EscapeFromTarkov.exe] (PID: 13372)
2025-03-25 16:24:51,245 [INFO] 🖥️ Target Resolution: 1920x1080
2025-03-25 16:24:51,279 [INFO] ✅ Style changes confirmed.
2025-03-25 16:24:51,280 [INFO] 🔍 DPI Awareness Level: 0
2025-03-25 16:24:51,330 [INFO] 📐 Applied Window Size: 1920x1080 at (1600, 0)
2025-03-25 16:24:51,331 [INFO] ✅ Window size confirmed.
2025-03-25 16:24:51,716 [INFO] Selected game: EscapeFromTarkov
2025-03-25 16:24:51,716 [INFO] Looking for window with process name: EscapeFromTarkov.exe
2025-03-25 16:24:51,716 [INFO] Scanning for applications...
2025-03-25 16:24:51,717 [INFO] Found 9 unique applications.
2025-03-25 16:24:51,717 [INFO] Found window handle 658260 for process 'EscapeFromTarkov.exe'
2025-03-25 16:24:51,717 [INFO] 🪟 Applying borderless mode to: EscapeFromTarkov [EscapeFromTarkov.exe] (PID: 13372)
2025-03-25 16:24:51,717 [INFO] 🖥️ Target Resolution: 1920x1080
2025-03-25 16:24:51,742 [INFO] ✅ Style changes confirmed.
2025-03-25 16:24:51,743 [INFO] 🔍 DPI Awareness Level: 0
2025-03-25 16:24:51,792 [INFO] 📐 Applied Window Size: 1920x1080 at (1600, 0)
2025-03-25 16:24:51,793 [INFO] ✅ Window size confirmed.
2025-03-25 16:24:52,168 [INFO] Selected game: EscapeFromTarkov
2025-03-25 16:24:52,168 [INFO] Looking for window with process name: EscapeFromTarkov.exe
2025-03-25 16:24:52,168 [INFO] Scanning for applications...
2025-03-25 16:24:52,169 [INFO] Found 9 unique applications.
2025-03-25 16:24:52,169 [INFO] Found window handle 658260 for process 'EscapeFromTarkov.exe'
2025-03-25 16:24:52,169 [INFO] 🪟 Applying borderless mode to: EscapeFromTarkov [EscapeFromTarkov.exe] (PID: 13372)
2025-03-25 16:24:52,169 [INFO] 🖥️ Target Resolution: 1920x1080
2025-03-25 16:24:52,190 [INFO] ✅ Style changes confirmed.
2025-03-25 16:24:52,190 [INFO] 🔍 DPI Awareness Level: 0
2025-03-25 16:24:52,253 [INFO] 📐 Applied Window Size: 1920x1080 at (1600, 0)
2025-03-25 16:24:52,253 [INFO] ✅ Window size confirmed.
2025-03-25 16:24:52,988 [INFO] Selected game: EscapeFromTarkov
2025-03-25 16:24:52,988 [INFO] Looking for window with process name: EscapeFromTarkov.exe
2025-03-25 16:24:52,988 [INFO] Scanning for applications...
2025-03-25 16:24:52,988 [INFO] Found 9 unique applications.
2025-03-25 16:24:52,989 [INFO] Found window handle 658260 for process 'EscapeFromTarkov.exe'
2025-03-25 16:24:52,989 [INFO] 🪟 Applying borderless mode to: EscapeFromTarkov [EscapeFromTarkov.exe] (PID: 13372)
2025-03-25 16:24:52,989 [INFO] 🖥️ Target Resolution: 1920x1080
2025-03-25 16:24:53,024 [INFO] ✅ Style changes confirmed.
2025-03-25 16:24:53,024 [INFO] 🔍 DPI Awareness Level: 0
2025-03-25 16:24:53,076 [INFO] 📐 Applied Window Size: 1920x1080 at (1600, 0)
2025-03-25 16:24:53,077 [INFO] ✅ Window size confirmed.
2025-03-25 16:24:53,501 [INFO] Selected game: EscapeFromTarkov
2025-03-25 16:24:53,501 [INFO] Looking for window with process name: EscapeFromTarkov.exe
2025-03-25 16:24:53,501 [INFO] Scanning for applications...
2025-03-25 16:24:53,502 [INFO] Found 9 unique applications.
2025-03-25 16:24:53,502 [INFO] Found window handle 658260 for process 'EscapeFromTarkov.exe'
2025-03-25 16:24:53,502 [INFO] 🪟 Applying borderless mode to: EscapeFromTarkov [EscapeFromTarkov.exe] (PID: 13372)
2025-03-25 16:24:53,502 [INFO] 🖥️ Target Resolution: 1920x1080
2025-03-25 16:24:53,532 [INFO] ✅ Style changes confirmed.
2025-03-25 16:24:53,532 [INFO] 🔍 DPI Awareness Level: 0
2025-03-25 16:24:53,583 [INFO] 📐 Applied Window Size: 1920x1080 at (1600, 0)
2025-03-25 16:24:53,584 [INFO] ✅ Window size confirmed.
2025-03-25 16:24:53,642 [INFO] Selected game: EscapeFromTarkov
2025-03-25 16:24:53,642 [INFO] Looking for window with process name: EscapeFromTarkov.exe
2025-03-25 16:24:53,642 [INFO] Scanning for applications...
2025-03-25 16:24:53,643 [INFO] Found 9 unique applications.
2025-03-25 16:24:53,643 [INFO] Found window handle 658260 for process 'EscapeFromTarkov.exe'
2025-03-25 16:24:53,643 [INFO] 🪟 Applying borderless mode to: EscapeFromTarkov [EscapeFromTarkov.exe] (PID: 13372)
2025-03-25 16:24:53,643 [INFO] 🖥️ Target Resolution: 1920x1080
2025-03-25 16:24:53,710 [INFO] ✅ Style changes confirmed.
2025-03-25 16:24:53,710 [INFO] 🔍 DPI Awareness Level: 0
2025-03-25 16:24:53,761 [INFO] 📐 Applied Window Size: 1920x1080 at (1600, 0)
2025-03-25 16:24:53,761 [INFO] ✅ Window size confirmed.
2025-03-25 16:25:00,148 [INFO] Selected game: EscapeFromTarkov
2025-03-25 16:25:00,148 [INFO] Looking for window with process name: EscapeFromTarkov.exe
2025-03-25 16:25:00,148 [INFO] Scanning for applications...
2025-03-25 16:25:00,149 [INFO] Found 9 unique applications.
2025-03-25 16:25:00,149 [INFO] Found window handle 658260 for process 'EscapeFromTarkov.exe'
2025-03-25 16:25:00,149 [INFO] 🪟 Applying borderless mode to: EscapeFromTarkov [EscapeFromTarkov.exe] (PID: 13372)
2025-03-25 16:25:00,150 [INFO] 🖥️ Target Resolution: 2560x1440
2025-03-25 16:25:00,213 [INFO] ✅ Style changes confirmed.
2025-03-25 16:25:00,214 [INFO] 🔍 DPI Awareness Level: 0
2025-03-25 16:25:00,265 [INFO] 📐 Applied Window Size: 2560x1440 at (1280, 0)
2025-03-25 16:25:00,265 [INFO] ✅ Window size confirmed.
2025-03-25 16:25:01,105 [INFO] Selected game: EscapeFromTarkov
2025-03-25 16:25:01,105 [INFO] Looking for window with process name: EscapeFromTarkov.exe
2025-03-25 16:25:01,106 [INFO] Scanning for applications...
2025-03-25 16:25:01,106 [INFO] Found 9 unique applications.
2025-03-25 16:25:01,106 [INFO] Found window handle 658260 for process 'EscapeFromTarkov.exe'
2025-03-25 16:25:01,106 [INFO] 🪟 Applying borderless mode to: EscapeFromTarkov [EscapeFromTarkov.exe] (PID: 13372)
2025-03-25 16:25:01,106 [INFO] 🖥️ Target Resolution: 2560x1440
2025-03-25 16:25:01,132 [INFO] ✅ Style changes confirmed.
2025-03-25 16:25:01,133 [INFO] 🔍 DPI Awareness Level: 0
2025-03-25 16:25:01,197 [INFO] 📐 Applied Window Size: 2560x1440 at (1280, 0)
2025-03-25 16:25:01,198 [INFO] ✅ Window size confirmed.
2025-03-25 16:25:01,644 [INFO] Selected game: EscapeFromTarkov
2025-03-25 16:25:01,644 [INFO] Looking for window with process name: EscapeFromTarkov.exe
2025-03-25 16:25:01,645 [INFO] Scanning for applications...
2025-03-25 16:25:01,645 [INFO] Found 9 unique applications.
2025-03-25 16:25:01,645 [INFO] Found window handle 658260 for process 'EscapeFromTarkov.exe'
2025-03-25 16:25:01,645 [INFO] 🪟 Applying borderless mode to: EscapeFromTarkov [EscapeFromTarkov.exe] (PID: 13372)
2025-03-25 16:25:01,646 [INFO] 🖥️ Target Resolution: 2560x1440
2025-03-25 16:25:01,671 [INFO] ✅ Style changes confirmed.
2025-03-25 16:25:01,672 [INFO] 🔍 DPI Awareness Level: 0
2025-03-25 16:25:01,725 [INFO] 📐 Applied Window Size: 2560x1440 at (1280, 0)
2025-03-25 16:25:01,725 [INFO] ✅ Window size confirmed.
2025-03-25 16:25:02,311 [INFO] Selected game: EscapeFromTarkov
2025-03-25 16:25:02,311 [INFO] Looking for window with process name: EscapeFromTarkov.exe
2025-03-25 16:25:02,311 [INFO] Scanning for applications...
2025-03-25 16:25:02,312 [INFO] Found 9 unique applications.
2025-03-25 16:25:02,312 [INFO] Found window handle 658260 for process 'EscapeFromTarkov.exe'
2025-03-25 16:25:02,312 [INFO] 🪟 Applying borderless mode to: EscapeFromTarkov [EscapeFromTarkov.exe] (PID: 13372)
2025-03-25 16:25:02,312 [INFO] 🖥️ Target Resolution: 2560x1440
2025-03-25 16:25:02,335 [INFO] ✅ Style changes confirmed.
2025-03-25 16:25:02,335 [INFO] 🔍 DPI Awareness Level: 0
2025-03-25 16:25:02,387 [INFO] 📐 Applied Window Size: 2560x1440 at (1280, 0)
2025-03-25 16:25:02,387 [INFO] ✅ Window size confirmed.
2025-03-25 16:25:05,101 [INFO] Selected game: EscapeFromTarkov
2025-03-25 16:25:05,101 [INFO] Looking for window with process name: EscapeFromTarkov.exe
2025-03-25 16:25:05,102 [INFO] Scanning for applications...
2025-03-25 16:25:05,102 [INFO] Found 9 unique applications.
2025-03-25 16:25:05,102 [INFO] Found window handle 658260 for process 'EscapeFromTarkov.exe'
2025-03-25 16:25:05,102 [INFO] 🪟 Applying borderless mode to: EscapeFromTarkov [EscapeFromTarkov.exe] (PID: 13372)
2025-03-25 16:25:05,102 [INFO] 🖥️ Target Resolution: 2560x1440
2025-03-25 16:25:05,122 [INFO] ✅ Style changes confirmed.
2025-03-25 16:25:05,122 [INFO] 🔍 DPI Awareness Level: 0
2025-03-25 16:25:05,184 [INFO] 📐 Applied Window Size: 2560x1440 at (1280, 0)
2025-03-25 16:25:05,184 [INFO] ✅ Window size confirmed.
2025-03-25 16:25:06,956 [INFO] Selected game: EscapeFromTarkov
2025-03-25 16:25:06,957 [INFO] Looking for window with process name: EscapeFromTarkov.exe
2025-03-25 16:25:06,957 [INFO] Scanning for applications...
2025-03-25 16:25:06,957 [INFO] Found 9 unique applications.
2025-03-25 16:25:06,957 [INFO] Found window handle 658260 for process 'EscapeFromTarkov.exe'
2025-03-25 16:25:06,957 [INFO] 🪟 Applying borderless mode to: EscapeFromTarkov [EscapeFromTarkov.exe] (PID: 13372)
2025-03-25 16:25:06,958 [INFO] 🖥️ Target Resolution: 2560x1440
2025-03-25 16:25:06,993 [INFO] ✅ Style changes confirmed.
2025-03-25 16:25:06,993 [INFO] 🔍 DPI Awareness Level: 0
2025-03-25 16:25:07,057 [INFO] 📐 Applied Window Size: 2560x1440 at (1280, 0)
2025-03-25 16:25:07,057 [INFO] ✅ Window size confirmed.
2025-03-25 16:25:08,058 [INFO] Selected game: EscapeFromTarkov
2025-03-25 16:25:08,059 [INFO] Looking for window with process name: EscapeFromTarkov.exe
2025-03-25 16:25:08,059 [INFO] Scanning for applications...
2025-03-25 16:25:08,059 [INFO] Found 9 unique applications.
2025-03-25 16:25:08,059 [INFO] Found window handle 658260 for process 'EscapeFromTarkov.exe'
2025-03-25 16:25:08,060 [INFO] 🪟 Applying borderless mode to: EscapeFromTarkov [EscapeFromTarkov.exe] (PID: 13372)
2025-03-25 16:25:08,060 [INFO] 🖥️ Target Resolution: 2560x1440
2025-03-25 16:25:08,091 [INFO] ✅ Style changes confirmed.
2025-03-25 16:25:08,091 [INFO] 🔍 DPI Awareness Level: 0
2025-03-25 16:25:08,154 [INFO] 📐 Applied Window Size: 2560x1440 at (1280, 0)
2025-03-25 16:25:08,154 [INFO] ✅ Window size confirmed.
2025-03-25 16:25:08,908 [INFO] Selected game: EscapeFromTarkov
2025-03-25 16:25:08,909 [INFO] Looking for window with process name: EscapeFromTarkov.exe
2025-03-25 16:25:08,909 [INFO] Scanning for applications...
2025-03-25 16:25:08,909 [INFO] Found 9 unique applications.
2025-03-25 16:25:08,909 [INFO] Found window handle 658260 for process 'EscapeFromTarkov.exe'
2025-03-25 16:25:08,910 [INFO] 🪟 Applying borderless mode to: EscapeFromTarkov [EscapeFromTarkov.exe] (PID: 13372)
2025-03-25 16:25:08,910 [INFO] 🖥️ Target Resolution: 2560x1440
2025-03-25 16:25:08,934 [INFO] ✅ Style changes confirmed.
2025-03-25 16:25:08,934 [INFO] 🔍 DPI Awareness Level: 0
2025-03-25 16:25:08,997 [INFO] 📐 Applied Window Size: 2560x1440 at (1280, 0)
2025-03-25 16:25:08,997 [INFO] ✅ Window size confirmed.
2025-03-25 16:27:15,189 [INFO] Refreshing application list...
2025-03-25 16:27:15,189 [INFO] Scanning for applications...
2025-03-25 16:27:15,199 [INFO] Found 9 unique applications.
2025-03-25 16:27:18,282 [INFO] Refreshing application list...
2025-03-25 16:27:18,283 [INFO] Scanning for applications...
2025-03-25 16:27:18,297 [INFO] Found 9 unique applications.
2025-03-25 16:27:18,441 [INFO] Refreshing application list...
2025-03-25 16:27:18,442 [INFO] Scanning for applications...
2025-03-25 16:27:18,452 [INFO] Found 9 unique applications.
2025-03-25 16:27:18,589 [INFO] Refreshing application list...
2025-03-25 16:27:18,590 [INFO] Scanning for applications...
2025-03-25 16:27:18,592 [INFO] Found 9 unique applications.
2025-03-25 16:27:21,420 [INFO] Selected game: GZW
2025-03-25 16:27:21,420 [INFO] Looking for window with process name: GZWClientSteam-Win64-Shipping.exe
2025-03-25 16:27:21,420 [INFO] Scanning for applications...
2025-03-25 16:27:21,428 [INFO] Found 9 unique applications.
2025-03-25 16:27:21,429 [INFO] Found window handle 527144 for process 'GZWClientSteam-Win64-Shipping.exe'
2025-03-25 16:27:21,429 [INFO] 🪟 Applying borderless mode to: GZW   [GZWClientSteam-Win64-Shipping.exe] (PID: 15340)
2025-03-25 16:27:21,429 [INFO] 🖥️ Target Resolution: 2560x1440
2025-03-25 16:27:21,444 [INFO] ✅ Style changes confirmed.
2025-03-25 16:27:21,444 [INFO] 🔍 DPI Awareness Level: 0
2025-03-25 16:27:21,460 [INFO] 📐 Applied Window Size: 2560x1440 at (1280, 0)
2025-03-25 16:27:21,460 [INFO] ✅ Window size confirmed.
2025-03-25 16:55:22,513 [INFO] Refreshing application list...
2025-03-25 16:55:22,513 [INFO] Scanning for applications...
2025-03-25 16:55:22,514 [INFO] Found 8 unique applications.
2025-03-25 18:20:40,428 [INFO] Refreshing application list...
2025-03-25 18:20:40,429 [INFO] Scanning for applications...
2025-03-25 18:20:40,430 [INFO] Found 9 unique applications.
2025-03-25 18:28:35,930 [INFO] Refreshing application list...
2025-03-25 18:28:35,930 [INFO] Scanning for applications...
2025-03-25 18:28:35,931 [INFO] Found 11 unique applications.
2025-03-25 18:28:37,726 [INFO] Selected game: Supermarket Together
2025-03-25 18:28:37,726 [INFO] Looking for window with process name: Supermarket Together.exe
2025-03-25 18:28:37,727 [INFO] Scanning for applications...
2025-03-25 18:28:37,727 [INFO] Found 11 unique applications.
2025-03-25 18:28:37,727 [INFO] Found window handle 919538 for process 'Supermarket Together.exe'
2025-03-25 18:28:37,728 [INFO] 🪟 Applying borderless mode to: Supermarket Together [Supermarket Together.exe] (PID: 19404)
2025-03-25 18:28:37,728 [INFO] 🖥️ Target Resolution: 2560x1440
2025-03-25 18:28:37,735 [INFO] ✅ Style changes confirmed.
2025-03-25 18:28:37,735 [INFO] 🔍 DPI Awareness Level: 0
2025-03-25 18:28:37,758 [INFO] 📐 Applied Window Size: 2560x1440 at (1280, 0)
2025-03-25 18:28:37,758 [INFO] ✅ Window size confirmed.
2025-03-25 18:49:51,336 [INFO] Refreshing application list...
2025-03-25 18:49:51,336 [INFO] Scanning for applications...
2025-03-25 18:49:51,337 [INFO] Found 11 unique applications.
2025-03-25 18:49:53,245 [INFO] Selected game: Schedule I Free Sample
2025-03-25 18:49:53,245 [INFO] Looking for window with process name: Schedule I Free Sample.exe
2025-03-25 18:49:53,245 [INFO] Scanning for applications...
2025-03-25 18:49:53,246 [INFO] Found 11 unique applications.
2025-03-25 18:49:53,246 [INFO] Found window handle 7474040 for process 'Schedule I Free Sample.exe'
2025-03-25 18:49:53,246 [INFO] 🪟 Applying borderless mode to: Schedule I Free Sample [Schedule I Free Sample.exe] (PID: 26948)
2025-03-25 18:49:53,247 [INFO] 🖥️ Target Resolution: 2560x1440
2025-03-25 18:49:53,788 [INFO] ✅ Style changes confirmed.
2025-03-25 18:49:53,788 [INFO] 🔍 DPI Awareness Level: 0
2025-03-25 18:49:53,961 [INFO] 📐 Applied Window Size: 2560x1440 at (1280, 0)
2025-03-25 18:49:53,961 [INFO] ✅ Window size confirmed.
2025-03-25 19:30:38,101 [INFO] Refreshing application list...
2025-03-25 19:30:38,101 [INFO] Scanning for applications...
2025-03-25 19:30:38,102 [INFO] Found 10 unique applications.
2025-03-25 19:43:25,077 [INFO] Refreshing application list...
2025-03-25 19:43:25,077 [INFO] Scanning for applications...
2025-03-25 19:43:25,078 [INFO] Found 10 unique applications.
2025-03-25 19:43:26,883 [INFO] Selected game: Vintage Story
2025-03-25 19:43:26,883 [INFO] Looking for window with process name: Vintagestory.exe
2025-03-25 19:43:26,883 [INFO] Scanning for applications...
2025-03-25 19:43:26,884 [INFO] Found 10 unique applications.
2025-03-25 19:43:26,884 [INFO] Found window handle 790664 for process 'Vintagestory.exe'
2025-03-25 19:43:26,884 [INFO] 🪟 Applying borderless mode to: Vintage Story [Vintagestory.exe] (PID: 17192)
2025-03-25 19:43:26,884 [INFO] 🖥️ Target Resolution: 2560x1440
2025-03-25 19:43:26,914 [INFO] ✅ Style changes confirmed.
2025-03-25 19:43:26,914 [INFO] 🔍 DPI Awareness Level: 0
2025-03-25 19:43:26,964 [INFO] 📐 Applied Window Size: 2560x1440 at (1280, 0)
2025-03-25 19:43:26,964 [INFO] ✅ Window size confirmed.
2025-03-25 19:45:26,853 [INFO] Selected game: Vintage Story
2025-03-25 19:45:26,853 [INFO] Looking for window with process name: Vintagestory.exe
2025-03-25 19:45:26,853 [INFO] Scanning for applications...
2025-03-25 19:45:26,854 [INFO] Found 10 unique applications.
2025-03-25 19:45:26,854 [INFO] Found window handle 790664 for process 'Vintagestory.exe'
2025-03-25 19:45:26,854 [INFO] 🪟 Applying borderless mode to: Vintage Story [Vintagestory.exe] (PID: 17192)
2025-03-25 19:45:26,854 [INFO] 🖥️ Target Resolution: 2560x1440
2025-03-25 19:45:26,879 [INFO] ✅ Style changes confirmed.
2025-03-25 19:45:26,879 [INFO] 🔍 DPI Awareness Level: 0
2025-03-25 19:45:26,913 [INFO] 📐 Applied Window Size: 2560x1440 at (1280, 0)
2025-03-25 19:45:26,914 [INFO] ✅ Window size confirmed.
2025-03-25 20:47:31,940 [INFO] Refreshing application list...
2025-03-25 20:47:31,940 [INFO] Scanning for applications...
2025-03-25 20:47:31,941 [INFO] Found 9 unique applications.
2025-03-25 22:15:44,471 [INFO] Scanning for applications...
2025-03-25 22:15:44,472 [INFO] Found 9 unique applications.
2025-03-25 22:15:46,081 [INFO] Refreshing application list...
2025-03-25 22:15:46,081 [INFO] Scanning for applications...
2025-03-25 22:15:46,082 [INFO] Found 10 unique applications.
2025-03-25 22:15:46,375 [INFO] Refreshing application list...
2025-03-25 22:15:46,375 [INFO] Scanning for applications...
2025-03-25 22:15:46,376 [INFO] Found 10 unique applications.
2025-03-25 22:15:46,506 [INFO] Refreshing application list...
2025-03-25 22:15:46,506 [INFO] Scanning for applications...
2025-03-25 22:15:46,507 [INFO] Found 10 unique applications.
2025-03-25 22:15:48,428 [INFO] Selected game: EscapeFromTarkov
2025-03-25 22:15:48,428 [INFO] Looking for window with process name: EscapeFromTarkov.exe
2025-03-25 22:15:48,428 [INFO] Scanning for applications...
2025-03-25 22:15:48,429 [INFO] Found 10 unique applications.
2025-03-25 22:15:48,429 [INFO] Found window handle 1313550 for process 'EscapeFromTarkov.exe'
2025-03-25 22:15:48,429 [INFO] 🪟 Applying borderless mode to: EscapeFromTarkov [EscapeFromTarkov.exe] (PID: 26280)
2025-03-25 22:15:48,429 [INFO] 🖥️ Target Resolution: 2560x1440
2025-03-25 22:15:48,451 [INFO] ✅ Style changes confirmed.
2025-03-25 22:15:48,451 [INFO] 🔍 DPI Awareness Level: 0
2025-03-25 22:15:48,502 [INFO] 📐 Applied Window Size: 2560x1440 at (1280, 0)
2025-03-25 22:15:48,503 [INFO] ✅ Window size confirmed.
2025-03-25 22:15:50,616 [INFO] Selected game: EscapeFromTarkov
2025-03-25 22:15:50,616 [INFO] Looking for window with process name: EscapeFromTarkov.exe
2025-03-25 22:15:50,616 [INFO] Scanning for applications...
2025-03-25 22:15:50,617 [INFO] Found 10 unique applications.
2025-03-25 22:15:50,617 [INFO] Found window handle 1313550 for process 'EscapeFromTarkov.exe'
2025-03-25 22:15:50,617 [INFO] 🪟 Applying borderless mode to: EscapeFromTarkov [EscapeFromTarkov.exe] (PID: 26280)
2025-03-25 22:15:50,617 [INFO] 🖥️ Target Resolution: 2560x1440
2025-03-25 22:15:50,651 [INFO] ✅ Style changes confirmed.
2025-03-25 22:15:50,652 [INFO] 🔍 DPI Awareness Level: 0
2025-03-25 22:15:50,713 [INFO] 📐 Applied Window Size: 2560x1440 at (1280, 0)
2025-03-25 22:15:50,714 [INFO] ✅ Window size confirmed.
2025-03-25 22:15:54,016 [INFO] Selected game: EscapeFromTarkov
2025-03-25 22:15:54,016 [INFO] Looking for window with process name: EscapeFromTarkov.exe
2025-03-25 22:15:54,016 [INFO] Scanning for applications...
2025-03-25 22:15:54,017 [INFO] Found 10 unique applications.
2025-03-25 22:15:54,018 [INFO] Found window handle 1313550 for process 'EscapeFromTarkov.exe'
2025-03-25 22:15:54,018 [INFO] 🪟 Applying borderless mode to: EscapeFromTarkov [EscapeFromTarkov.exe] (PID: 26280)
2025-03-25 22:15:54,018 [INFO] 🖥️ Target Resolution: 2560x1440
2025-03-25 22:15:54,040 [INFO] ✅ Style changes confirmed.
2025-03-25 22:15:54,040 [INFO] 🔍 DPI Awareness Level: 0
2025-03-25 22:15:54,104 [INFO] 📐 Applied Window Size: 2560x1440 at (1280, 0)
2025-03-25 22:15:54,104 [INFO] ✅ Window size confirmed.
2025-03-25 22:15:54,672 [INFO] Selected game: EscapeFromTarkov
2025-03-25 22:15:54,672 [INFO] Looking for window with process name: EscapeFromTarkov.exe
2025-03-25 22:15:54,673 [INFO] Scanning for applications...
2025-03-25 22:15:54,673 [INFO] Found 10 unique applications.
2025-03-25 22:15:54,673 [INFO] Found window handle 1313550 for process 'EscapeFromTarkov.exe'
2025-03-25 22:15:54,673 [INFO] 🪟 Applying borderless mode to: EscapeFromTarkov [EscapeFromTarkov.exe] (PID: 26280)
2025-03-25 22:15:54,674 [INFO] 🖥️ Target Resolution: 2560x1440
2025-03-25 22:15:54,697 [INFO] ✅ Style changes confirmed.
2025-03-25 22:15:54,698 [INFO] 🔍 DPI Awareness Level: 0
2025-03-25 22:15:54,760 [INFO] 📐 Applied Window Size: 2560x1440 at (1280, 0)
2025-03-25 22:15:54,760 [INFO] ✅ Window size confirmed.
2025-03-25 22:15:58,745 [INFO] Selected game: EscapeFromTarkov
2025-03-25 22:15:58,745 [INFO] Looking for window with process name: EscapeFromTarkov.exe
2025-03-25 22:15:58,746 [INFO] Scanning for applications...
2025-03-25 22:15:58,746 [INFO] Found 10 unique applications.
2025-03-25 22:15:58,746 [INFO] Found window handle 1313550 for process 'EscapeFromTarkov.exe'
2025-03-25 22:15:58,746 [INFO] 🪟 Applying borderless mode to: EscapeFromTarkov [EscapeFromTarkov.exe] (PID: 26280)
2025-03-25 22:15:58,747 [INFO] 🖥️ Target Resolution: 3840x2160
2025-03-25 22:15:58,771 [INFO] ✅ Style changes confirmed.
2025-03-25 22:15:58,771 [INFO] 🔍 DPI Awareness Level: 0
2025-03-25 22:15:58,835 [INFO] 📐 Applied Window Size: 3840x2160 at (640, 0)
2025-03-25 22:15:58,835 [INFO] ✅ Window size confirmed.
2025-03-25 22:16:00,225 [INFO] Selected game: EscapeFromTarkov
2025-03-25 22:16:00,226 [INFO] Looking for window with process name: EscapeFromTarkov.exe
2025-03-25 22:16:00,226 [INFO] Scanning for applications...
2025-03-25 22:16:00,226 [INFO] Found 10 unique applications.
2025-03-25 22:16:00,227 [INFO] Found window handle 1313550 for process 'EscapeFromTarkov.exe'
2025-03-25 22:16:00,227 [INFO] 🪟 Applying borderless mode to: EscapeFromTarkov [EscapeFromTarkov.exe] (PID: 26280)
2025-03-25 22:16:00,227 [INFO] 🖥️ Target Resolution: 3840x2160
2025-03-25 22:16:00,262 [INFO] ✅ Style changes confirmed.
2025-03-25 22:16:00,262 [INFO] 🔍 DPI Awareness Level: 0
2025-03-25 22:16:00,321 [INFO] 📐 Applied Window Size: 3840x2160 at (640, 0)
2025-03-25 22:16:00,321 [INFO] ✅ Window size confirmed.
2025-03-25 22:16:04,091 [INFO] Selected game: EscapeFromTarkov
2025-03-25 22:16:04,092 [INFO] Looking for window with process name: EscapeFromTarkov.exe
2025-03-25 22:16:04,092 [INFO] Scanning for applications...
2025-03-25 22:16:04,093 [INFO] Found 10 unique applications.
2025-03-25 22:16:04,093 [INFO] Found window handle 1313550 for process 'EscapeFromTarkov.exe'
2025-03-25 22:16:04,093 [INFO] 🪟 Applying borderless mode to: EscapeFromTarkov [EscapeFromTarkov.exe] (PID: 26280)
2025-03-25 22:16:04,093 [INFO] 🖥️ Target Resolution: 2560x1080
2025-03-25 22:16:04,113 [INFO] ✅ Style changes confirmed.
2025-03-25 22:16:04,113 [INFO] 🔍 DPI Awareness Level: 0
2025-03-25 22:16:04,174 [INFO] 📐 Applied Window Size: 2560x1080 at (1280, 0)
2025-03-25 22:16:04,174 [INFO] ✅ Window size confirmed.
2025-03-25 22:16:04,806 [INFO] Selected game: EscapeFromTarkov
2025-03-25 22:16:04,807 [INFO] Looking for window with process name: EscapeFromTarkov.exe
2025-03-25 22:16:04,807 [INFO] Scanning for applications...
2025-03-25 22:16:04,807 [INFO] Found 10 unique applications.
2025-03-25 22:16:04,808 [INFO] Found window handle 1313550 for process 'EscapeFromTarkov.exe'
2025-03-25 22:16:04,808 [INFO] 🪟 Applying borderless mode to: EscapeFromTarkov [EscapeFromTarkov.exe] (PID: 26280)
2025-03-25 22:16:04,808 [INFO] 🖥️ Target Resolution: 2560x1080
2025-03-25 22:16:04,843 [INFO] ✅ Style changes confirmed.
2025-03-25 22:16:04,843 [INFO] 🔍 DPI Awareness Level: 0
2025-03-25 22:16:04,902 [INFO] 📐 Applied Window Size: 2560x1080 at (1280, 0)
2025-03-25 22:16:04,903 [INFO] ✅ Window size confirmed.
2025-03-25 22:16:05,326 [INFO] Selected game: EscapeFromTarkov
2025-03-25 22:16:05,326 [INFO] Looking for window with process name: EscapeFromTarkov.exe
2025-03-25 22:16:05,326 [INFO] Scanning for applications...
2025-03-25 22:16:05,327 [INFO] Found 10 unique applications.
2025-03-25 22:16:05,327 [INFO] Found window handle 1313550 for process 'EscapeFromTarkov.exe'
2025-03-25 22:16:05,327 [INFO] 🪟 Applying borderless mode to: EscapeFromTarkov [EscapeFromTarkov.exe] (PID: 26280)
2025-03-25 22:16:05,328 [INFO] 🖥️ Target Resolution: 2560x1080
2025-03-25 22:16:05,349 [INFO] ✅ Style changes confirmed.
2025-03-25 22:16:05,349 [INFO] 🔍 DPI Awareness Level: 0
2025-03-25 22:16:05,399 [INFO] 📐 Applied Window Size: 2560x1080 at (1280, 0)
2025-03-25 22:16:05,399 [INFO] ✅ Window size confirmed.
2025-03-25 22:16:05,483 [INFO] Selected game: EscapeFromTarkov
2025-03-25 22:16:05,483 [INFO] Looking for window with process name: EscapeFromTarkov.exe
2025-03-25 22:16:05,483 [INFO] Scanning for applications...
2025-03-25 22:16:05,484 [INFO] Found 10 unique applications.
2025-03-25 22:16:05,484 [INFO] Found window handle 1313550 for process 'EscapeFromTarkov.exe'
2025-03-25 22:16:05,484 [INFO] 🪟 Applying borderless mode to: EscapeFromTarkov [EscapeFromTarkov.exe] (PID: 26280)
2025-03-25 22:16:05,484 [INFO] 🖥️ Target Resolution: 2560x1080
2025-03-25 22:16:05,550 [INFO] ✅ Style changes confirmed.
2025-03-25 22:16:05,551 [INFO] 🔍 DPI Awareness Level: 0
2025-03-25 22:16:05,601 [INFO] 📐 Applied Window Size: 2560x1080 at (1280, 0)
2025-03-25 22:16:05,601 [INFO] ✅ Window size confirmed.
2025-03-25 22:16:11,636 [INFO] Selected game: EscapeFromTarkov
2025-03-25 22:16:11,636 [INFO] Looking for window with process name: EscapeFromTarkov.exe
2025-03-25 22:16:11,637 [INFO] Scanning for applications...
2025-03-25 22:16:11,637 [INFO] Found 10 unique applications.
2025-03-25 22:16:11,637 [INFO] Found window handle 1313550 for process 'EscapeFromTarkov.exe'
2025-03-25 22:16:11,637 [INFO] 🪟 Applying borderless mode to: EscapeFromTarkov [EscapeFromTarkov.exe] (PID: 26280)
2025-03-25 22:16:11,638 [INFO] 🖥️ Target Resolution: 3440x1440
2025-03-25 22:16:11,703 [INFO] ✅ Style changes confirmed.
2025-03-25 22:16:11,703 [INFO] 🔍 DPI Awareness Level: 0
2025-03-25 22:16:11,754 [INFO] 📐 Applied Window Size: 3440x1440 at (840, 0)
2025-03-25 22:16:11,754 [INFO] ✅ Window size confirmed.
2025-03-25 22:16:12,478 [INFO] Selected game: EscapeFromTarkov
2025-03-25 22:16:12,478 [INFO] Looking for window with process name: EscapeFromTarkov.exe
2025-03-25 22:16:12,478 [INFO] Scanning for applications...
2025-03-25 22:16:12,479 [INFO] Found 10 unique applications.
2025-03-25 22:16:12,479 [INFO] Found window handle 1313550 for process 'EscapeFromTarkov.exe'
2025-03-25 22:16:12,479 [INFO] 🪟 Applying borderless mode to: EscapeFromTarkov [EscapeFromTarkov.exe] (PID: 26280)
2025-03-25 22:16:12,479 [INFO] 🖥️ Target Resolution: 3440x1440
2025-03-25 22:16:12,516 [INFO] ✅ Style changes confirmed.
2025-03-25 22:16:12,516 [INFO] 🔍 DPI Awareness Level: 0
2025-03-25 22:16:12,579 [INFO] 📐 Applied Window Size: 3440x1440 at (840, 0)
2025-03-25 22:16:12,579 [INFO] ✅ Window size confirmed.
2025-03-25 22:16:13,032 [INFO] Selected game: EscapeFromTarkov
2025-03-25 22:16:13,032 [INFO] Looking for window with process name: EscapeFromTarkov.exe
2025-03-25 22:16:13,032 [INFO] Scanning for applications...
2025-03-25 22:16:13,033 [INFO] Found 10 unique applications.
2025-03-25 22:16:13,033 [INFO] Found window handle 1313550 for process 'EscapeFromTarkov.exe'
2025-03-25 22:16:13,033 [INFO] 🪟 Applying borderless mode to: EscapeFromTarkov [EscapeFromTarkov.exe] (PID: 26280)
2025-03-25 22:16:13,033 [INFO] 🖥️ Target Resolution: 3440x1440
2025-03-25 22:16:13,059 [INFO] ✅ Style changes confirmed.
2025-03-25 22:16:13,059 [INFO] 🔍 DPI Awareness Level: 0
2025-03-25 22:16:13,108 [INFO] 📐 Applied Window Size: 3440x1440 at (840, 0)
2025-03-25 22:16:13,109 [INFO] ✅ Window size confirmed.
2025-03-25 22:16:13,628 [INFO] Selected game: EscapeFromTarkov
2025-03-25 22:16:13,628 [INFO] Looking for window with process name: EscapeFromTarkov.exe
2025-03-25 22:16:13,628 [INFO] Scanning for applications...
2025-03-25 22:16:13,629 [INFO] Found 10 unique applications.
2025-03-25 22:16:13,629 [INFO] Found window handle 1313550 for process 'EscapeFromTarkov.exe'
2025-03-25 22:16:13,629 [INFO] 🪟 Applying borderless mode to: EscapeFromTarkov [EscapeFromTarkov.exe] (PID: 26280)
2025-03-25 22:16:13,629 [INFO] 🖥️ Target Resolution: 3440x1440
2025-03-25 22:16:13,652 [INFO] ✅ Style changes confirmed.
2025-03-25 22:16:13,652 [INFO] 🔍 DPI Awareness Level: 0
2025-03-25 22:16:13,716 [INFO] 📐 Applied Window Size: 3440x1440 at (840, 0)
2025-03-25 22:16:13,716 [INFO] ✅ Window size confirmed.
2025-03-25 22:16:14,012 [INFO] Selected game: EscapeFromTarkov
2025-03-25 22:16:14,012 [INFO] Looking for window with process name: EscapeFromTarkov.exe
2025-03-25 22:16:14,012 [INFO] Scanning for applications...
2025-03-25 22:16:14,014 [INFO] Found 10 unique applications.
2025-03-25 22:16:14,014 [INFO] Found window handle 1313550 for process 'EscapeFromTarkov.exe'
2025-03-25 22:16:14,014 [INFO] 🪟 Applying borderless mode to: EscapeFromTarkov [EscapeFromTarkov.exe] (PID: 26280)
2025-03-25 22:16:14,014 [INFO] 🖥️ Target Resolution: 3440x1440
2025-03-25 22:16:14,046 [INFO] ✅ Style changes confirmed.
2025-03-25 22:16:14,046 [INFO] 🔍 DPI Awareness Level: 0
2025-03-25 22:16:14,100 [INFO] 📐 Applied Window Size: 3440x1440 at (840, 0)
2025-03-25 22:16:14,100 [INFO] ✅ Window size confirmed.
2025-03-25 22:16:14,136 [INFO] Selected game: EscapeFromTarkov
2025-03-25 22:16:14,136 [INFO] Looking for window with process name: EscapeFromTarkov.exe
2025-03-25 22:16:14,136 [INFO] Scanning for applications...
2025-03-25 22:16:14,137 [INFO] Found 10 unique applications.
2025-03-25 22:16:14,137 [INFO] Found window handle 1313550 for process 'EscapeFromTarkov.exe'
2025-03-25 22:16:14,137 [INFO] 🪟 Applying borderless mode to: EscapeFromTarkov [EscapeFromTarkov.exe] (PID: 26280)
2025-03-25 22:16:14,137 [INFO] 🖥️ Target Resolution: 3440x1440
2025-03-25 22:16:14,190 [INFO] ✅ Style changes confirmed.
2025-03-25 22:16:14,190 [INFO] 🔍 DPI Awareness Level: 0
2025-03-25 22:16:14,241 [INFO] 📐 Applied Window Size: 3440x1440 at (840, 0)
2025-03-25 22:16:14,242 [INFO] ✅ Window size confirmed.
2025-03-25 22:16:14,775 [INFO] Selected game: EscapeFromTarkov
2025-03-25 22:16:14,775 [INFO] Looking for window with process name: EscapeFromTarkov.exe
2025-03-25 22:16:14,775 [INFO] Scanning for applications...
2025-03-25 22:16:14,776 [INFO] Found 10 unique applications.
2025-03-25 22:16:14,776 [INFO] Found window handle 1313550 for process 'EscapeFromTarkov.exe'
2025-03-25 22:16:14,777 [INFO] 🪟 Applying borderless mode to: EscapeFromTarkov [EscapeFromTarkov.exe] (PID: 26280)
2025-03-25 22:16:14,777 [INFO] 🖥️ Target Resolution: 3440x1440
2025-03-25 22:16:14,806 [INFO] ✅ Style changes confirmed.
2025-03-25 22:16:14,806 [INFO] 🔍 DPI Awareness Level: 0
2025-03-25 22:16:14,856 [INFO] 📐 Applied Window Size: 3440x1440 at (840, 0)
2025-03-25 22:16:14,856 [INFO] ✅ Window size confirmed.
2025-03-25 22:16:15,284 [INFO] Selected game: EscapeFromTarkov
2025-03-25 22:16:15,284 [INFO] Looking for window with process name: EscapeFromTarkov.exe
2025-03-25 22:16:15,284 [INFO] Scanning for applications...
2025-03-25 22:16:15,285 [INFO] Found 10 unique applications.
2025-03-25 22:16:15,285 [INFO] Found window handle 1313550 for process 'EscapeFromTarkov.exe'
2025-03-25 22:16:15,285 [INFO] 🪟 Applying borderless mode to: EscapeFromTarkov [EscapeFromTarkov.exe] (PID: 26280)
2025-03-25 22:16:15,285 [INFO] 🖥️ Target Resolution: 3440x1440
2025-03-25 22:16:15,313 [INFO] ✅ Style changes confirmed.
2025-03-25 22:16:15,313 [INFO] 🔍 DPI Awareness Level: 0
2025-03-25 22:16:15,365 [INFO] 📐 Applied Window Size: 3440x1440 at (840, 0)
2025-03-25 22:16:15,365 [INFO] ✅ Window size confirmed.
2025-03-25 22:16:15,980 [INFO] Selected game: EscapeFromTarkov
2025-03-25 22:16:15,980 [INFO] Looking for window with process name: EscapeFromTarkov.exe
2025-03-25 22:16:15,980 [INFO] Scanning for applications...
2025-03-25 22:16:15,981 [INFO] Found 10 unique applications.
2025-03-25 22:16:15,981 [INFO] Found window handle 1313550 for process 'EscapeFromTarkov.exe'
2025-03-25 22:16:15,981 [INFO] 🪟 Applying borderless mode to: EscapeFromTarkov [EscapeFromTarkov.exe] (PID: 26280)
2025-03-25 22:16:15,982 [INFO] 🖥️ Target Resolution: 3440x1440
2025-03-25 22:16:16,008 [INFO] ✅ Style changes confirmed.
2025-03-25 22:16:16,008 [INFO] 🔍 DPI Awareness Level: 0
2025-03-25 22:16:16,059 [INFO] 📐 Applied Window Size: 3440x1440 at (840, 0)
2025-03-25 22:16:16,059 [INFO] ✅ Window size confirmed.
2025-03-25 22:16:16,446 [INFO] Selected game: EscapeFromTarkov
2025-03-25 22:16:16,446 [INFO] Looking for window with process name: EscapeFromTarkov.exe
2025-03-25 22:16:16,447 [INFO] Scanning for applications...
2025-03-25 22:16:16,448 [INFO] Found 10 unique applications.
2025-03-25 22:16:16,448 [INFO] Found window handle 1313550 for process 'EscapeFromTarkov.exe'
2025-03-25 22:16:16,449 [INFO] 🪟 Applying borderless mode to: EscapeFromTarkov [EscapeFromTarkov.exe] (PID: 26280)
2025-03-25 22:16:16,449 [INFO] 🖥️ Target Resolution: 3440x1440
2025-03-25 22:16:16,465 [INFO] ✅ Style changes confirmed.
2025-03-25 22:16:16,465 [INFO] 🔍 DPI Awareness Level: 0
2025-03-25 22:16:16,525 [INFO] 📐 Applied Window Size: 3440x1440 at (840, 0)
2025-03-25 22:16:16,526 [INFO] ✅ Window size confirmed.
2025-03-25 22:16:16,635 [INFO] Selected game: EscapeFromTarkov
2025-03-25 22:16:16,635 [INFO] Looking for window with process name: EscapeFromTarkov.exe
2025-03-25 22:16:16,635 [INFO] Scanning for applications...
2025-03-25 22:16:16,636 [INFO] Found 10 unique applications.
2025-03-25 22:16:16,636 [INFO] Found window handle 1313550 for process 'EscapeFromTarkov.exe'
2025-03-25 22:16:16,636 [INFO] 🪟 Applying borderless mode to: EscapeFromTarkov [EscapeFromTarkov.exe] (PID: 26280)
2025-03-25 22:16:16,636 [INFO] 🖥️ Target Resolution: 3440x1440
2025-03-25 22:16:16,668 [INFO] ✅ Style changes confirmed.
2025-03-25 22:16:16,668 [INFO] 🔍 DPI Awareness Level: 0
2025-03-25 22:16:16,723 [INFO] 📐 Applied Window Size: 3440x1440 at (840, 0)
2025-03-25 22:16:16,724 [INFO] ✅ Window size confirmed.
2025-03-25 22:16:17,451 [INFO] Selected game: EscapeFromTarkov
2025-03-25 22:16:17,452 [INFO] Looking for window with process name: EscapeFromTarkov.exe
2025-03-25 22:16:17,452 [INFO] Scanning for applications...
2025-03-25 22:16:17,452 [INFO] Found 10 unique applications.
2025-03-25 22:16:17,452 [INFO] Found window handle 1313550 for process 'EscapeFromTarkov.exe'
2025-03-25 22:16:17,453 [INFO] 🪟 Applying borderless mode to: EscapeFromTarkov [EscapeFromTarkov.exe] (PID: 26280)
2025-03-25 22:16:17,453 [INFO] 🖥️ Target Resolution: 3440x1440
2025-03-25 22:16:17,486 [INFO] ✅ Style changes confirmed.
2025-03-25 22:16:17,486 [INFO] 🔍 DPI Awareness Level: 0
2025-03-25 22:16:17,546 [INFO] 📐 Applied Window Size: 3440x1440 at (840, 0)
2025-03-25 22:16:17,547 [INFO] ✅ Window size confirmed.
2025-03-25 22:16:17,635 [INFO] Selected game: EscapeFromTarkov
2025-03-25 22:16:17,635 [INFO] Looking for window with process name: EscapeFromTarkov.exe
2025-03-25 22:16:17,635 [INFO] Scanning for applications...
2025-03-25 22:16:17,636 [INFO] Found 10 unique applications.
2025-03-25 22:16:17,636 [INFO] Found window handle 1313550 for process 'EscapeFromTarkov.exe'
2025-03-25 22:16:17,636 [INFO] 🪟 Applying borderless mode to: EscapeFromTarkov [EscapeFromTarkov.exe] (PID: 26280)
2025-03-25 22:16:17,636 [INFO] 🖥️ Target Resolution: 3440x1440
2025-03-25 22:16:17,701 [INFO] ✅ Style changes confirmed.
2025-03-25 22:16:17,701 [INFO] 🔍 DPI Awareness Level: 0
2025-03-25 22:16:17,751 [INFO] 📐 Applied Window Size: 3440x1440 at (840, 0)
2025-03-25 22:16:17,752 [INFO] ✅ Window size confirmed.
2025-03-25 22:16:18,269 [INFO] Selected game: EscapeFromTarkov
2025-03-25 22:16:18,269 [INFO] Looking for window with process name: EscapeFromTarkov.exe
2025-03-25 22:16:18,270 [INFO] Scanning for applications...
2025-03-25 22:16:18,270 [INFO] Found 10 unique applications.
2025-03-25 22:16:18,270 [INFO] Found window handle 1313550 for process 'EscapeFromTarkov.exe'
2025-03-25 22:16:18,270 [INFO] 🪟 Applying borderless mode to: EscapeFromTarkov [EscapeFromTarkov.exe] (PID: 26280)
2025-03-25 22:16:18,271 [INFO] 🖥️ Target Resolution: 3440x1440
2025-03-25 22:16:18,296 [INFO] ✅ Style changes confirmed.
2025-03-25 22:16:18,297 [INFO] 🔍 DPI Awareness Level: 0
2025-03-25 22:16:18,358 [INFO] 📐 Applied Window Size: 3440x1440 at (840, 0)
2025-03-25 22:16:18,358 [INFO] ✅ Window size confirmed.
